<?xml version="1.0" encoding="UTF-8"?>
<!-- Generated by org.testng.reporters.JUnitReportReporter -->
<testsuite hostname="DESKTOP-FLGJBUL" failures="0" tests="1" name="selenium_practice.CrossBrowser" time="45.962" errors="0" timestamp="2022-10-04T20:27:26 IST" skipped="0">
  <testcase classname="selenium_practice.CrossBrowser" name="launchApp" time="45.962"/>
  <system-out/>
</testsuite> <!-- selenium_practice.CrossBrowser -->
